# JRE version: Java(TM) SE Runtime Environment (8.0_45-b14) (build 1.8.0_45-b14)
# Java VM: Java HotSpot(TM) 64-Bit Server VM (25.45-b02 mixed mode linux-amd64 compressed oops)
Heap:
 PSYoungGen      total 284160K, used 62298K [0x00000000d7100000, 0x00000000ebe00000, 0x0000000100000000)
  eden space 247296K, 12% used [0x00000000d7100000,0x00000000d8f2c390,0x00000000e6280000)
  from space 36864K, 85% used [0x00000000e8d00000,0x00000000eabaa6e8,0x00000000eb100000)
  to   space 43520K, 0% used [0x00000000e6280000,0x00000000e6280000,0x00000000e8d00000)
 ParOldGen       total 84992K, used 47547K [0x0000000085200000, 0x000000008a500000, 0x00000000d7100000)
  object space 84992K, 55% used [0x0000000085200000,0x000000008806edb8,0x000000008a500000)
 Metaspace       used 18961K, capacity 19244K, committed 19456K, reserved 1067008K
  class space    used 2442K, capacity 2535K, committed 2560K, reserved 1048576K
GC Heap History (10 events):
Event: 0,642 GC heap before
{Heap before GC invocations=2 (full 0):
 PSYoungGen      total 36864K, used 34530K [0x00000000d7100000, 0x00000000db900000, 0x0000000100000000)
  eden space 31744K, 100% used [0x00000000d7100000,0x00000000d9000000,0x00000000d9000000)
  from space 5120K, 54% used [0x00000000d9000000,0x00000000d92b8918,0x00000000d9500000)
  to   space 5120K, 0% used [0x00000000db400000,0x00000000db400000,0x00000000db900000)
 ParOldGen       total 84992K, used 72K [0x0000000085200000, 0x000000008a500000, 0x00000000d7100000)
  object space 84992K, 0% used [0x0000000085200000,0x0000000085212010,0x000000008a500000)
 Metaspace       used 7143K, capacity 7236K, committed 7552K, reserved 1056768K
  class space    used 798K, capacity 816K, committed 896K, reserved 1048576K
Event: 0,647 GC heap after
Heap after GC invocations=2 (full 0):
 PSYoungGen      total 68608K, used 1568K [0x00000000d7100000, 0x00000000db900000, 0x0000000100000000)
  eden space 63488K, 0% used [0x00000000d7100000,0x00000000d7100000,0x00000000daf00000)
  from space 5120K, 30% used [0x00000000db400000,0x00000000db588030,0x00000000db900000)
  to   space 5120K, 0% used [0x00000000daf00000,0x00000000daf00000,0x00000000db400000)
 ParOldGen       total 84992K, used 80K [0x0000000085200000, 0x000000008a500000, 0x00000000d7100000)
  object space 84992K, 0% used [0x0000000085200000,0x0000000085214010,0x000000008a500000)
 Metaspace       used 7143K, capacity 7236K, committed 7552K, reserved 1056768K
  class space    used 798K, capacity 816K, committed 896K, reserved 1048576K
}
Event: 0,835 GC heap before
{Heap before GC invocations=3 (full 0):
 PSYoungGen      total 68608K, used 65056K [0x00000000d7100000, 0x00000000db900000, 0x0000000100000000)
  eden space 63488K, 100% used [0x00000000d7100000,0x00000000daf00000,0x00000000daf00000)
  from space 5120K, 30% used [0x00000000db400000,0x00000000db588030,0x00000000db900000)
  to   space 5120K, 0% used [0x00000000daf00000,0x00000000daf00000,0x00000000db400000)
 ParOldGen       total 84992K, used 80K [0x0000000085200000, 0x000000008a500000, 0x00000000d7100000)
  object space 84992K, 0% used [0x0000000085200000,0x0000000085214010,0x000000008a500000)
 Metaspace       used 7983K, capacity 8036K, committed 8192K, reserved 1056768K
  class space    used 887K, capacity 912K, committed 1024K, reserved 1048576K
Event: 0,841 GC heap after
Heap after GC invocations=3 (full 0):
 PSYoungGen      total 68608K, used 2623K [0x00000000d7100000, 0x00000000df700000, 0x0000000100000000)
  eden space 63488K, 0% used [0x00000000d7100000,0x00000000d7100000,0x00000000daf00000)
  from space 5120K, 51% used [0x00000000daf00000,0x00000000db18ffa8,0x00000000db400000)
  to   space 5120K, 0% used [0x00000000df200000,0x00000000df200000,0x00000000df700000)
 ParOldGen       total 84992K, used 88K [0x0000000085200000, 0x000000008a500000, 0x00000000d7100000)
  object space 84992K, 0% used [0x0000000085200000,0x0000000085216010,0x000000008a500000)
 Metaspace       used 7983K, capacity 8036K, committed 8192K, reserved 1056768K
  class space    used 887K, capacity 912K, committed 1024K, reserved 1048576K
}
Event: 1,305 GC heap before
{Heap before GC invocations=4 (full 0):
 PSYoungGen      total 68608K, used 66111K [0x00000000d7100000, 0x00000000df700000, 0x0000000100000000)
  eden space 63488K, 100% used [0x00000000d7100000,0x00000000daf00000,0x00000000daf00000)
  from space 5120K, 51% used [0x00000000daf00000,0x00000000db18ffa8,0x00000000db400000)
  to   space 5120K, 0% used [0x00000000df200000,0x00000000df200000,0x00000000df700000)
 ParOldGen       total 84992K, used 107K [0x0000000085200000, 0x000000008a500000, 0x00000000d7100000)
  object space 84992K, 0% used [0x0000000085200000,0x000000008521aed0,0x000000008a500000)
 Metaspace       used 8277K, capacity 8388K, committed 8704K, reserved 1056768K
  class space    used 897K, capacity 944K, committed 1024K, reserved 1048576K
Event: 1,318 GC heap after
Heap after GC invocations=4 (full 0):
 PSYoungGen      total 132096K, used 5097K [0x00000000d7100000, 0x00000000df700000, 0x0000000100000000)
  eden space 126976K, 0% used [0x00000000d7100000,0x00000000d7100000,0x00000000ded00000)
  from space 5120K, 99% used [0x00000000df200000,0x00000000df6fa638,0x00000000df700000)
  to   space 5120K, 0% used [0x00000000ded00000,0x00000000ded00000,0x00000000df200000)
 ParOldGen       total 84992K, used 12240K [0x0000000085200000, 0x000000008a500000, 0x00000000d7100000)
  object space 84992K, 14% used [0x0000000085200000,0x0000000085df41d8,0x000000008a500000)
 Metaspace       used 8277K, capacity 8388K, committed 8704K, reserved 1056768K
  class space    used 897K, capacity 944K, committed 1024K, reserved 1048576K
}
Event: 1,745 GC heap before
{Heap before GC invocations=5 (full 0):
 PSYoungGen      total 132096K, used 132073K [0x00000000d7100000, 0x00000000df700000, 0x0000000100000000)
  eden space 126976K, 100% used [0x00000000d7100000,0x00000000ded00000,0x00000000ded00000)
  from space 5120K, 99% used [0x00000000df200000,0x00000000df6fa638,0x00000000df700000)
  to   space 5120K, 0% used [0x00000000ded00000,0x00000000ded00000,0x00000000df200000)
 ParOldGen       total 84992K, used 12243K [0x0000000085200000, 0x000000008a500000, 0x00000000d7100000)
  object space 84992K, 14% used [0x0000000085200000,0x0000000085df4e50,0x000000008a500000)
 Metaspace       used 8288K, capacity 8388K, committed 8704K, reserved 1056768K
  class space    used 898K, capacity 944K, committed 1024K, reserved 1048576K
Event: 1,784 GC heap after
Heap after GC invocations=5 (full 0):
 PSYoungGen      total 132096K, used 5114K [0x00000000d7100000, 0x00000000eb100000, 0x0000000100000000)
  eden space 126976K, 0% used [0x00000000d7100000,0x00000000d7100000,0x00000000ded00000)
  from space 5120K, 99% used [0x00000000ded00000,0x00000000df1fe970,0x00000000df200000)
  to   space 36864K, 0% used [0x00000000e8d00000,0x00000000e8d00000,0x00000000eb100000)
 ParOldGen       total 84992K, used 47539K [0x0000000085200000, 0x000000008a500000, 0x00000000d7100000)
  object space 84992K, 55% used [0x0000000085200000,0x000000008806cdb8,0x000000008a500000)
 Metaspace       used 8288K, capacity 8388K, committed 8704K, reserved 1056768K
  class space    used 898K, capacity 944K, committed 1024K, reserved 1048576K
}
Event: 3,266 GC heap before
{Heap before GC invocations=6 (full 0):
 PSYoungGen      total 132096K, used 132090K [0x00000000d7100000, 0x00000000eb100000, 0x0000000100000000)
  eden space 126976K, 100% used [0x00000000d7100000,0x00000000ded00000,0x00000000ded00000)
  from space 5120K, 99% used [0x00000000ded00000,0x00000000df1fe970,0x00000000df200000)
  to   space 36864K, 0% used [0x00000000e8d00000,0x00000000e8d00000,0x00000000eb100000)
 ParOldGen       total 84992K, used 47539K [0x0000000085200000, 0x000000008a500000, 0x00000000d7100000)
  object space 84992K, 55% used [0x0000000085200000,0x000000008806cdb8,0x000000008a500000)
 Metaspace       used 16761K, capacity 16910K, committed 17152K, reserved 1064960K
  class space    used 2156K, capacity 2210K, committed 2304K, reserved 1048576K
Event: 3,294 GC heap after
Heap after GC invocations=6 (full 0):
 PSYoungGen      total 284160K, used 31401K [0x00000000d7100000, 0x00000000ebe00000, 0x0000000100000000)
  eden space 247296K, 0% used [0x00000000d7100000,0x00000000d7100000,0x00000000e6280000)
  from space 36864K, 85% used [0x00000000e8d00000,0x00000000eabaa6e8,0x00000000eb100000)
  to   space 43520K, 0% used [0x00000000e6280000,0x00000000e6280000,0x00000000e8d00000)
 ParOldGen       total 84992K, used 47547K [0x0000000085200000, 0x000000008a500000, 0x00000000d7100000)
  object space 84992K, 55% used [0x0000000085200000,0x000000008806edb8,0x000000008a500000)
 Metaspace       used 16761K, capacity 16910K, committed 17152K, reserved 1064960K
  class space    used 2156K, capacity 2210K, committed 2304K, reserved 1048576K
}

