# JRE version: Java(TM) SE Runtime Environment (8.0_45-b14) (build 1.8.0_45-b14)
# Java VM: Java HotSpot(TM) 64-Bit Server VM (25.45-b02 mixed mode linux-amd64 compressed oops)
Heap:
 PSYoungGen      total 140800K, used 121252K [0x00000000d7100000, 0x00000000ea600000, 0x0000000100000000)
  eden space 118272K, 83% used [0x00000000d7100000,0x00000000dd169f60,0x00000000de480000)
  from space 22528K, 99% used [0x00000000de480000,0x00000000dfa7f218,0x00000000dfa80000)
  to   space 39936K, 0% used [0x00000000e7f00000,0x00000000e7f00000,0x00000000ea600000)
 ParOldGen       total 84992K, used 46484K [0x0000000085200000, 0x000000008a500000, 0x00000000d7100000)
  object space 84992K, 54% used [0x0000000085200000,0x0000000087f650c8,0x000000008a500000)
 Metaspace       used 19523K, capacity 19718K, committed 20096K, reserved 1067008K
  class space    used 2543K, capacity 2630K, committed 2688K, reserved 1048576K
GC Heap History (10 events):
Event: 0,511 GC heap before
{Heap before GC invocations=3 (full 0):
 PSYoungGen      total 36864K, used 33328K [0x00000000d7100000, 0x00000000db900000, 0x0000000100000000)
  eden space 31744K, 100% used [0x00000000d7100000,0x00000000d9000000,0x00000000d9000000)
  from space 5120K, 30% used [0x00000000d9500000,0x00000000d968c040,0x00000000d9a00000)
  to   space 5120K, 0% used [0x00000000d9000000,0x00000000d9000000,0x00000000d9500000)
 ParOldGen       total 84992K, used 80K [0x0000000085200000, 0x000000008a500000, 0x00000000d7100000)
  object space 84992K, 0% used [0x0000000085200000,0x0000000085214010,0x000000008a500000)
 Metaspace       used 7185K, capacity 7300K, committed 7552K, reserved 1056768K
  class space    used 798K, capacity 816K, committed 896K, reserved 1048576K
Event: 0,515 GC heap after
Heap after GC invocations=3 (full 0):
 PSYoungGen      total 36864K, used 1696K [0x00000000d7100000, 0x00000000db900000, 0x0000000100000000)
  eden space 31744K, 0% used [0x00000000d7100000,0x00000000d7100000,0x00000000d9000000)
  from space 5120K, 33% used [0x00000000d9000000,0x00000000d91a8030,0x00000000d9500000)
  to   space 5120K, 0% used [0x00000000db400000,0x00000000db400000,0x00000000db900000)
 ParOldGen       total 84992K, used 88K [0x0000000085200000, 0x000000008a500000, 0x00000000d7100000)
  object space 84992K, 0% used [0x0000000085200000,0x0000000085216010,0x000000008a500000)
 Metaspace       used 7185K, capacity 7300K, committed 7552K, reserved 1056768K
  class space    used 798K, capacity 816K, committed 896K, reserved 1048576K
}
Event: 0,683 GC heap before
{Heap before GC invocations=4 (full 0):
 PSYoungGen      total 36864K, used 33440K [0x00000000d7100000, 0x00000000db900000, 0x0000000100000000)
  eden space 31744K, 100% used [0x00000000d7100000,0x00000000d9000000,0x00000000d9000000)
  from space 5120K, 33% used [0x00000000d9000000,0x00000000d91a8030,0x00000000d9500000)
  to   space 5120K, 0% used [0x00000000db400000,0x00000000db400000,0x00000000db900000)
 ParOldGen       total 84992K, used 88K [0x0000000085200000, 0x000000008a500000, 0x00000000d7100000)
  object space 84992K, 0% used [0x0000000085200000,0x0000000085216010,0x000000008a500000)
 Metaspace       used 8006K, capacity 8100K, committed 8448K, reserved 1056768K
  class space    used 887K, capacity 912K, committed 1024K, reserved 1048576K
Event: 0,687 GC heap after
Heap after GC invocations=4 (full 0):
 PSYoungGen      total 68608K, used 2431K [0x00000000d7100000, 0x00000000db900000, 0x0000000100000000)
  eden space 63488K, 0% used [0x00000000d7100000,0x00000000d7100000,0x00000000daf00000)
  from space 5120K, 47% used [0x00000000db400000,0x00000000db65ffa8,0x00000000db900000)
  to   space 5120K, 0% used [0x00000000daf00000,0x00000000daf00000,0x00000000db400000)
 ParOldGen       total 84992K, used 96K [0x0000000085200000, 0x000000008a500000, 0x00000000d7100000)
  object space 84992K, 0% used [0x0000000085200000,0x0000000085218010,0x000000008a500000)
 Metaspace       used 8006K, capacity 8100K, committed 8448K, reserved 1056768K
  class space    used 887K, capacity 912K, committed 1024K, reserved 1048576K
}
Event: 1,228 GC heap before
{Heap before GC invocations=5 (full 0):
 PSYoungGen      total 68608K, used 65919K [0x00000000d7100000, 0x00000000db900000, 0x0000000100000000)
  eden space 63488K, 100% used [0x00000000d7100000,0x00000000daf00000,0x00000000daf00000)
  from space 5120K, 47% used [0x00000000db400000,0x00000000db65ffa8,0x00000000db900000)
  to   space 5120K, 0% used [0x00000000daf00000,0x00000000daf00000,0x00000000db400000)
 ParOldGen       total 84992K, used 96K [0x0000000085200000, 0x000000008a500000, 0x00000000d7100000)
  object space 84992K, 0% used [0x0000000085200000,0x00000000852181b8,0x000000008a500000)
 Metaspace       used 8297K, capacity 8388K, committed 8704K, reserved 1056768K
  class space    used 897K, capacity 944K, committed 1024K, reserved 1048576K
Event: 1,243 GC heap after
Heap after GC invocations=5 (full 0):
 PSYoungGen      total 68608K, used 5113K [0x00000000d7100000, 0x00000000e0800000, 0x0000000100000000)
  eden space 63488K, 0% used [0x00000000d7100000,0x00000000d7100000,0x00000000daf00000)
  from space 5120K, 99% used [0x00000000daf00000,0x00000000db3fe408,0x00000000db400000)
  to   space 13824K, 0% used [0x00000000dfa80000,0x00000000dfa80000,0x00000000e0800000)
 ParOldGen       total 84992K, used 12760K [0x0000000085200000, 0x000000008a500000, 0x00000000d7100000)
  object space 84992K, 15% used [0x0000000085200000,0x0000000085e76140,0x000000008a500000)
 Metaspace       used 8297K, capacity 8388K, committed 8704K, reserved 1056768K
  class space    used 897K, capacity 944K, committed 1024K, reserved 1048576K
}
Event: 1,531 GC heap before
{Heap before GC invocations=6 (full 0):
 PSYoungGen      total 68608K, used 68601K [0x00000000d7100000, 0x00000000e0800000, 0x0000000100000000)
  eden space 63488K, 100% used [0x00000000d7100000,0x00000000daf00000,0x00000000daf00000)
  from space 5120K, 99% used [0x00000000daf00000,0x00000000db3fe408,0x00000000db400000)
  to   space 13824K, 0% used [0x00000000dfa80000,0x00000000dfa80000,0x00000000e0800000)
 ParOldGen       total 84992K, used 12835K [0x0000000085200000, 0x000000008a500000, 0x00000000d7100000)
  object space 84992K, 15% used [0x0000000085200000,0x0000000085e88e18,0x000000008a500000)
 Metaspace       used 8308K, capacity 8388K, committed 8704K, reserved 1056768K
  class space    used 898K, capacity 944K, committed 1024K, reserved 1048576K
Event: 1,551 GC heap after
Heap after GC invocations=6 (full 0):
 PSYoungGen      total 132096K, used 13809K [0x00000000d7100000, 0x00000000e1900000, 0x0000000100000000)
  eden space 118272K, 0% used [0x00000000d7100000,0x00000000d7100000,0x00000000de480000)
  from space 13824K, 99% used [0x00000000dfa80000,0x00000000e07fc568,0x00000000e0800000)
  to   space 22528K, 0% used [0x00000000de480000,0x00000000de480000,0x00000000dfa80000)
 ParOldGen       total 84992K, used 22027K [0x0000000085200000, 0x000000008a500000, 0x00000000d7100000)
  object space 84992K, 25% used [0x0000000085200000,0x0000000086782d10,0x000000008a500000)
 Metaspace       used 8308K, capacity 8388K, committed 8704K, reserved 1056768K
  class space    used 898K, capacity 944K, committed 1024K, reserved 1048576K
}
Event: 2,060 GC heap before
{Heap before GC invocations=7 (full 0):
 PSYoungGen      total 132096K, used 132081K [0x00000000d7100000, 0x00000000e1900000, 0x0000000100000000)
  eden space 118272K, 100% used [0x00000000d7100000,0x00000000de480000,0x00000000de480000)
  from space 13824K, 99% used [0x00000000dfa80000,0x00000000e07fc568,0x00000000e0800000)
  to   space 22528K, 0% used [0x00000000de480000,0x00000000de480000,0x00000000dfa80000)
 ParOldGen       total 84992K, used 22074K [0x0000000085200000, 0x000000008a500000, 0x00000000d7100000)
  object space 84992K, 25% used [0x0000000085200000,0x000000008678ea28,0x000000008a500000)
 Metaspace       used 8311K, capacity 8388K, committed 8704K, reserved 1056768K
  class space    used 898K, capacity 944K, committed 1024K, reserved 1048576K
Event: 2,099 GC heap after
Heap after GC invocations=7 (full 0):
 PSYoungGen      total 140800K, used 22524K [0x00000000d7100000, 0x00000000ea600000, 0x0000000100000000)
  eden space 118272K, 0% used [0x00000000d7100000,0x00000000d7100000,0x00000000de480000)
  from space 22528K, 99% used [0x00000000de480000,0x00000000dfa7f218,0x00000000dfa80000)
  to   space 39936K, 0% used [0x00000000e7f00000,0x00000000e7f00000,0x00000000ea600000)
 ParOldGen       total 84992K, used 46484K [0x0000000085200000, 0x000000008a500000, 0x00000000d7100000)
  object space 84992K, 54% used [0x0000000085200000,0x0000000087f650c8,0x000000008a500000)
 Metaspace       used 8311K, capacity 8388K, committed 8704K, reserved 1056768K
  class space    used 898K, capacity 944K, committed 1024K, reserved 1048576K
}

