# JRE version: Java(TM) SE Runtime Environment (8.0_45-b14) (build 1.8.0_45-b14)
# Java VM: Java HotSpot(TM) 64-Bit Server VM (25.45-b02 mixed mode linux-amd64 compressed oops)
Heap:
 PSYoungGen      total 268800K, used 49322K [0x00000000d7100000, 0x00000000eb600000, 0x0000000100000000)
  eden space 229376K, 21% used [0x00000000d7100000,0x00000000da12a810,0x00000000e5100000)
  from space 39424K, 0% used [0x00000000e7f80000,0x00000000e7f80000,0x00000000ea600000)
  to   space 47616K, 0% used [0x00000000e5100000,0x00000000e5100000,0x00000000e7f80000)
 ParOldGen       total 122368K, used 64154K [0x0000000085200000, 0x000000008c980000, 0x00000000d7100000)
  object space 122368K, 52% used [0x0000000085200000,0x00000000890a6868,0x000000008c980000)
 Metaspace       used 21210K, capacity 21406K, committed 21760K, reserved 1069056K
  class space    used 2716K, capacity 2786K, committed 2816K, reserved 1048576K
GC Heap History (10 events):
Event: 1,297 GC heap before
{Heap before GC invocations=5 (full 0):
 PSYoungGen      total 68608K, used 66004K [0x00000000d7100000, 0x00000000db900000, 0x0000000100000000)
  eden space 63488K, 100% used [0x00000000d7100000,0x00000000daf00000,0x00000000daf00000)
  from space 5120K, 49% used [0x00000000db400000,0x00000000db6751b0,0x00000000db900000)
  to   space 5120K, 0% used [0x00000000daf00000,0x00000000daf00000,0x00000000db400000)
 ParOldGen       total 84992K, used 103K [0x0000000085200000, 0x000000008a500000, 0x00000000d7100000)
  object space 84992K, 0% used [0x0000000085200000,0x0000000085219e70,0x000000008a500000)
 Metaspace       used 8272K, capacity 8388K, committed 8704K, reserved 1056768K
  class space    used 897K, capacity 944K, committed 1024K, reserved 1048576K
Event: 1,316 GC heap after
Heap after GC invocations=5 (full 0):
 PSYoungGen      total 68608K, used 5092K [0x00000000d7100000, 0x00000000e0900000, 0x0000000100000000)
  eden space 63488K, 0% used [0x00000000d7100000,0x00000000d7100000,0x00000000daf00000)
  from space 5120K, 99% used [0x00000000daf00000,0x00000000db3f9008,0x00000000db400000)
  to   space 14336K, 0% used [0x00000000dfb00000,0x00000000dfb00000,0x00000000e0900000)
 ParOldGen       total 84992K, used 13356K [0x0000000085200000, 0x000000008a500000, 0x00000000d7100000)
  object space 84992K, 15% used [0x0000000085200000,0x0000000085f0b008,0x000000008a500000)
 Metaspace       used 8272K, capacity 8388K, committed 8704K, reserved 1056768K
  class space    used 897K, capacity 944K, committed 1024K, reserved 1048576K
}
Event: 1,573 GC heap before
{Heap before GC invocations=6 (full 0):
 PSYoungGen      total 68608K, used 68580K [0x00000000d7100000, 0x00000000e0900000, 0x0000000100000000)
  eden space 63488K, 100% used [0x00000000d7100000,0x00000000daf00000,0x00000000daf00000)
  from space 5120K, 99% used [0x00000000daf00000,0x00000000db3f9008,0x00000000db400000)
  to   space 14336K, 0% used [0x00000000dfb00000,0x00000000dfb00000,0x00000000e0900000)
 ParOldGen       total 84992K, used 13360K [0x0000000085200000, 0x000000008a500000, 0x00000000d7100000)
  object space 84992K, 15% used [0x0000000085200000,0x0000000085f0c130,0x000000008a500000)
 Metaspace       used 8283K, capacity 8388K, committed 8704K, reserved 1056768K
  class space    used 898K, capacity 944K, committed 1024K, reserved 1048576K
Event: 1,602 GC heap after
Heap after GC invocations=6 (full 0):
 PSYoungGen      total 133120K, used 14334K [0x00000000d7100000, 0x00000000e1900000, 0x0000000100000000)
  eden space 118784K, 0% used [0x00000000d7100000,0x00000000d7100000,0x00000000de500000)
  from space 14336K, 99% used [0x00000000dfb00000,0x00000000e08ffb60,0x00000000e0900000)
  to   space 22528K, 0% used [0x00000000de500000,0x00000000de500000,0x00000000dfb00000)
 ParOldGen       total 84992K, used 21827K [0x0000000085200000, 0x000000008a500000, 0x00000000d7100000)
  object space 84992K, 25% used [0x0000000085200000,0x0000000086750f08,0x000000008a500000)
 Metaspace       used 8283K, capacity 8388K, committed 8704K, reserved 1056768K
  class space    used 898K, capacity 944K, committed 1024K, reserved 1048576K
}
Event: 2,066 GC heap before
{Heap before GC invocations=7 (full 0):
 PSYoungGen      total 133120K, used 133118K [0x00000000d7100000, 0x00000000e1900000, 0x0000000100000000)
  eden space 118784K, 100% used [0x00000000d7100000,0x00000000de500000,0x00000000de500000)
  from space 14336K, 99% used [0x00000000dfb00000,0x00000000e08ffb60,0x00000000e0900000)
  to   space 22528K, 0% used [0x00000000de500000,0x00000000de500000,0x00000000dfb00000)
 ParOldGen       total 84992K, used 21833K [0x0000000085200000, 0x000000008a500000, 0x00000000d7100000)
  object space 84992K, 25% used [0x0000000085200000,0x0000000086752600,0x000000008a500000)
 Metaspace       used 8286K, capacity 8388K, committed 8704K, reserved 1056768K
  class space    used 898K, capacity 944K, committed 1024K, reserved 1048576K
Event: 2,100 GC heap after
Heap after GC invocations=7 (full 0):
 PSYoungGen      total 141312K, used 22511K [0x00000000d7100000, 0x00000000ea600000, 0x0000000100000000)
  eden space 118784K, 0% used [0x00000000d7100000,0x00000000d7100000,0x00000000de500000)
  from space 22528K, 99% used [0x00000000de500000,0x00000000dfafbfa0,0x00000000dfb00000)
  to   space 39424K, 0% used [0x00000000e7f80000,0x00000000e7f80000,0x00000000ea600000)
 ParOldGen       total 84992K, used 45291K [0x0000000085200000, 0x000000008a500000, 0x00000000d7100000)
  object space 84992K, 53% used [0x0000000085200000,0x0000000087e3af88,0x000000008a500000)
 Metaspace       used 8286K, capacity 8388K, committed 8704K, reserved 1056768K
  class space    used 898K, capacity 944K, committed 1024K, reserved 1048576K
}
Event: 6,906 GC heap before
{Heap before GC invocations=8 (full 0):
 PSYoungGen      total 141312K, used 140804K [0x00000000d7100000, 0x00000000ea600000, 0x0000000100000000)
  eden space 118784K, 99% used [0x00000000d7100000,0x00000000de485250,0x00000000de500000)
  from space 22528K, 99% used [0x00000000de500000,0x00000000dfafbfa0,0x00000000dfb00000)
  to   space 39424K, 0% used [0x00000000e7f80000,0x00000000e7f80000,0x00000000ea600000)
 ParOldGen       total 84992K, used 45291K [0x0000000085200000, 0x000000008a500000, 0x00000000d7100000)
  object space 84992K, 53% used [0x0000000085200000,0x0000000087e3af88,0x000000008a500000)
 Metaspace       used 20910K, capacity 21086K, committed 21248K, reserved 1067008K
  class space    used 2696K, capacity 2786K, committed 2816K, reserved 1048576K
Event: 6,932 GC heap after
Heap after GC invocations=8 (full 0):
 PSYoungGen      total 268800K, used 38529K [0x00000000d7100000, 0x00000000eb600000, 0x0000000100000000)
  eden space 229376K, 0% used [0x00000000d7100000,0x00000000d7100000,0x00000000e5100000)
  from space 39424K, 97% used [0x00000000e7f80000,0x00000000ea520428,0x00000000ea600000)
  to   space 47616K, 0% used [0x00000000e5100000,0x00000000e5100000,0x00000000e7f80000)
 ParOldGen       total 84992K, used 45531K [0x0000000085200000, 0x000000008a500000, 0x00000000d7100000)
  object space 84992K, 53% used [0x0000000085200000,0x0000000087e76f88,0x000000008a500000)
 Metaspace       used 20910K, capacity 21086K, committed 21248K, reserved 1067008K
  class space    used 2696K, capacity 2786K, committed 2816K, reserved 1048576K
}
Event: 6,932 GC heap before
{Heap before GC invocations=9 (full 1):
 PSYoungGen      total 268800K, used 38529K [0x00000000d7100000, 0x00000000eb600000, 0x0000000100000000)
  eden space 229376K, 0% used [0x00000000d7100000,0x00000000d7100000,0x00000000e5100000)
  from space 39424K, 97% used [0x00000000e7f80000,0x00000000ea520428,0x00000000ea600000)
  to   space 47616K, 0% used [0x00000000e5100000,0x00000000e5100000,0x00000000e7f80000)
 ParOldGen       total 84992K, used 45531K [0x0000000085200000, 0x000000008a500000, 0x00000000d7100000)
  object space 84992K, 53% used [0x0000000085200000,0x0000000087e76f88,0x000000008a500000)
 Metaspace       used 20910K, capacity 21086K, committed 21248K, reserved 1067008K
  class space    used 2696K, capacity 2786K, committed 2816K, reserved 1048576K
Event: 7,004 GC heap after
Heap after GC invocations=9 (full 1):
 PSYoungGen      total 268800K, used 0K [0x00000000d7100000, 0x00000000eb600000, 0x0000000100000000)
  eden space 229376K, 0% used [0x00000000d7100000,0x00000000d7100000,0x00000000e5100000)
  from space 39424K, 0% used [0x00000000e7f80000,0x00000000e7f80000,0x00000000ea600000)
  to   space 47616K, 0% used [0x00000000e5100000,0x00000000e5100000,0x00000000e7f80000)
 ParOldGen       total 122368K, used 64154K [0x0000000085200000, 0x000000008c980000, 0x00000000d7100000)
  object space 122368K, 52% used [0x0000000085200000,0x00000000890a6868,0x000000008c980000)
 Metaspace       used 20910K, capacity 21086K, committed 21248K, reserved 1067008K
  class space    used 2696K, capacity 2786K, committed 2816K, reserved 1048576K
}

