# JRE version: Java(TM) SE Runtime Environment (8.0_45-b14) (build 1.8.0_45-b14)
# Java VM: Java HotSpot(TM) 64-Bit Server VM (25.45-b02 mixed mode linux-amd64 compressed oops)
Heap:
 PSYoungGen      total 140800K, used 106240K [0x00000000d7100000, 0x00000000ea500000, 0x0000000100000000)
  eden space 118272K, 70% used [0x00000000d7100000,0x00000000dc2c6e90,0x00000000de480000)
  from space 22528K, 99% used [0x00000000de480000,0x00000000dfa791b8,0x00000000dfa80000)
  to   space 39424K, 0% used [0x00000000e7e80000,0x00000000e7e80000,0x00000000ea500000)
 ParOldGen       total 84992K, used 45697K [0x0000000085200000, 0x000000008a500000, 0x00000000d7100000)
  object space 84992K, 53% used [0x0000000085200000,0x0000000087ea07a8,0x000000008a500000)
 Metaspace       used 18068K, capacity 18254K, committed 18560K, reserved 1064960K
  class space    used 2329K, capacity 2402K, committed 2432K, reserved 1048576K
GC Heap History (10 events):
Event: 0,484 GC heap before
{Heap before GC invocations=3 (full 0):
 PSYoungGen      total 36864K, used 33312K [0x00000000d7100000, 0x00000000db900000, 0x0000000100000000)
  eden space 31744K, 100% used [0x00000000d7100000,0x00000000d9000000,0x00000000d9000000)
  from space 5120K, 30% used [0x00000000d9500000,0x00000000d9688030,0x00000000d9a00000)
  to   space 5120K, 0% used [0x00000000d9000000,0x00000000d9000000,0x00000000d9500000)
 ParOldGen       total 84992K, used 88K [0x0000000085200000, 0x000000008a500000, 0x00000000d7100000)
  object space 84992K, 0% used [0x0000000085200000,0x0000000085216010,0x000000008a500000)
 Metaspace       used 7193K, capacity 7300K, committed 7552K, reserved 1056768K
  class space    used 798K, capacity 816K, committed 896K, reserved 1048576K
Event: 0,489 GC heap after
Heap after GC invocations=3 (full 0):
 PSYoungGen      total 36864K, used 1750K [0x00000000d7100000, 0x00000000db900000, 0x0000000100000000)
  eden space 31744K, 0% used [0x00000000d7100000,0x00000000d7100000,0x00000000d9000000)
  from space 5120K, 34% used [0x00000000d9000000,0x00000000d91b5b28,0x00000000d9500000)
  to   space 5120K, 0% used [0x00000000db400000,0x00000000db400000,0x00000000db900000)
 ParOldGen       total 84992K, used 96K [0x0000000085200000, 0x000000008a500000, 0x00000000d7100000)
  object space 84992K, 0% used [0x0000000085200000,0x0000000085218010,0x000000008a500000)
 Metaspace       used 7193K, capacity 7300K, committed 7552K, reserved 1056768K
  class space    used 798K, capacity 816K, committed 896K, reserved 1048576K
}
Event: 0,647 GC heap before
{Heap before GC invocations=4 (full 0):
 PSYoungGen      total 36864K, used 33494K [0x00000000d7100000, 0x00000000db900000, 0x0000000100000000)
  eden space 31744K, 100% used [0x00000000d7100000,0x00000000d9000000,0x00000000d9000000)
  from space 5120K, 34% used [0x00000000d9000000,0x00000000d91b5b28,0x00000000d9500000)
  to   space 5120K, 0% used [0x00000000db400000,0x00000000db400000,0x00000000db900000)
 ParOldGen       total 84992K, used 96K [0x0000000085200000, 0x000000008a500000, 0x00000000d7100000)
  object space 84992K, 0% used [0x0000000085200000,0x0000000085218010,0x000000008a500000)
 Metaspace       used 7993K, capacity 8100K, committed 8448K, reserved 1056768K
  class space    used 887K, capacity 912K, committed 1024K, reserved 1048576K
Event: 0,651 GC heap after
Heap after GC invocations=4 (full 0):
 PSYoungGen      total 68608K, used 2501K [0x00000000d7100000, 0x00000000db900000, 0x0000000100000000)
  eden space 63488K, 0% used [0x00000000d7100000,0x00000000d7100000,0x00000000daf00000)
  from space 5120K, 48% used [0x00000000db400000,0x00000000db671588,0x00000000db900000)
  to   space 5120K, 0% used [0x00000000daf00000,0x00000000daf00000,0x00000000db400000)
 ParOldGen       total 84992K, used 104K [0x0000000085200000, 0x000000008a500000, 0x00000000d7100000)
  object space 84992K, 0% used [0x0000000085200000,0x000000008521a010,0x000000008a500000)
 Metaspace       used 7993K, capacity 8100K, committed 8448K, reserved 1056768K
  class space    used 887K, capacity 912K, committed 1024K, reserved 1048576K
}
Event: 1,104 GC heap before
{Heap before GC invocations=5 (full 0):
 PSYoungGen      total 68608K, used 65989K [0x00000000d7100000, 0x00000000db900000, 0x0000000100000000)
  eden space 63488K, 100% used [0x00000000d7100000,0x00000000daf00000,0x00000000daf00000)
  from space 5120K, 48% used [0x00000000db400000,0x00000000db671588,0x00000000db900000)
  to   space 5120K, 0% used [0x00000000daf00000,0x00000000daf00000,0x00000000db400000)
 ParOldGen       total 84992K, used 107K [0x0000000085200000, 0x000000008a500000, 0x00000000d7100000)
  object space 84992K, 0% used [0x0000000085200000,0x000000008521ae20,0x000000008a500000)
 Metaspace       used 8284K, capacity 8388K, committed 8704K, reserved 1056768K
  class space    used 897K, capacity 944K, committed 1024K, reserved 1048576K
Event: 1,121 GC heap after
Heap after GC invocations=5 (full 0):
 PSYoungGen      total 68608K, used 5105K [0x00000000d7100000, 0x00000000e0800000, 0x0000000100000000)
  eden space 63488K, 0% used [0x00000000d7100000,0x00000000d7100000,0x00000000daf00000)
  from space 5120K, 99% used [0x00000000daf00000,0x00000000db3fc738,0x00000000db400000)
  to   space 13824K, 0% used [0x00000000dfa80000,0x00000000dfa80000,0x00000000e0800000)
 ParOldGen       total 84992K, used 12704K [0x0000000085200000, 0x000000008a500000, 0x00000000d7100000)
  object space 84992K, 14% used [0x0000000085200000,0x0000000085e68268,0x000000008a500000)
 Metaspace       used 8284K, capacity 8388K, committed 8704K, reserved 1056768K
  class space    used 897K, capacity 944K, committed 1024K, reserved 1048576K
}
Event: 1,308 GC heap before
{Heap before GC invocations=6 (full 0):
 PSYoungGen      total 68608K, used 68593K [0x00000000d7100000, 0x00000000e0800000, 0x0000000100000000)
  eden space 63488K, 100% used [0x00000000d7100000,0x00000000daf00000,0x00000000daf00000)
  from space 5120K, 99% used [0x00000000daf00000,0x00000000db3fc738,0x00000000db400000)
  to   space 13824K, 0% used [0x00000000dfa80000,0x00000000dfa80000,0x00000000e0800000)
 ParOldGen       total 84992K, used 12710K [0x0000000085200000, 0x000000008a500000, 0x00000000d7100000)
  object space 84992K, 14% used [0x0000000085200000,0x0000000085e69b80,0x000000008a500000)
 Metaspace       used 8297K, capacity 8388K, committed 8704K, reserved 1056768K
  class space    used 898K, capacity 944K, committed 1024K, reserved 1048576K
Event: 1,326 GC heap after
Heap after GC invocations=6 (full 0):
 PSYoungGen      total 132096K, used 13822K [0x00000000d7100000, 0x00000000e1900000, 0x0000000100000000)
  eden space 118272K, 0% used [0x00000000d7100000,0x00000000d7100000,0x00000000de480000)
  from space 13824K, 99% used [0x00000000dfa80000,0x00000000e07ffa48,0x00000000e0800000)
  to   space 22528K, 0% used [0x00000000de480000,0x00000000de480000,0x00000000dfa80000)
 ParOldGen       total 84992K, used 21860K [0x0000000085200000, 0x000000008a500000, 0x00000000d7100000)
  object space 84992K, 25% used [0x0000000085200000,0x0000000086759130,0x000000008a500000)
 Metaspace       used 8297K, capacity 8388K, committed 8704K, reserved 1056768K
  class space    used 898K, capacity 944K, committed 1024K, reserved 1048576K
}
Event: 1,823 GC heap before
{Heap before GC invocations=7 (full 0):
 PSYoungGen      total 132096K, used 132094K [0x00000000d7100000, 0x00000000e1900000, 0x0000000100000000)
  eden space 118272K, 100% used [0x00000000d7100000,0x00000000de480000,0x00000000de480000)
  from space 13824K, 99% used [0x00000000dfa80000,0x00000000e07ffa48,0x00000000e0800000)
  to   space 22528K, 0% used [0x00000000de480000,0x00000000de480000,0x00000000dfa80000)
 ParOldGen       total 84992K, used 21879K [0x0000000085200000, 0x000000008a500000, 0x00000000d7100000)
  object space 84992K, 25% used [0x0000000085200000,0x000000008675df80,0x000000008a500000)
 Metaspace       used 8301K, capacity 8388K, committed 8704K, reserved 1056768K
  class space    used 898K, capacity 944K, committed 1024K, reserved 1048576K
Event: 1,858 GC heap after
Heap after GC invocations=7 (full 0):
 PSYoungGen      total 140800K, used 22500K [0x00000000d7100000, 0x00000000ea500000, 0x0000000100000000)
  eden space 118272K, 0% used [0x00000000d7100000,0x00000000d7100000,0x00000000de480000)
  from space 22528K, 99% used [0x00000000de480000,0x00000000dfa791b8,0x00000000dfa80000)
  to   space 39424K, 0% used [0x00000000e7e80000,0x00000000e7e80000,0x00000000ea500000)
 ParOldGen       total 84992K, used 45697K [0x0000000085200000, 0x000000008a500000, 0x00000000d7100000)
  object space 84992K, 53% used [0x0000000085200000,0x0000000087ea07a8,0x000000008a500000)
 Metaspace       used 8301K, capacity 8388K, committed 8704K, reserved 1056768K
  class space    used 898K, capacity 944K, committed 1024K, reserved 1048576K
}

