# JRE version: Java(TM) SE Runtime Environment (8.0_45-b14) (build 1.8.0_45-b14)
# Java VM: Java HotSpot(TM) 64-Bit Server VM (25.45-b02 mixed mode linux-amd64 compressed oops)
Heap:
 PSYoungGen      total 284160K, used 64433K [0x00000000d7100000, 0x00000000ebc00000, 0x0000000100000000)
  eden space 247808K, 13% used [0x00000000d7100000,0x00000000d9248470,0x00000000e6300000)
  from space 36352K, 83% used [0x00000000e8c80000,0x00000000eaa240e0,0x00000000eb000000)
  to   space 42496K, 0% used [0x00000000e6300000,0x00000000e6300000,0x00000000e8c80000)
 ParOldGen       total 84992K, used 46960K [0x0000000085200000, 0x000000008a500000, 0x00000000d7100000)
  object space 84992K, 55% used [0x0000000085200000,0x0000000087fdc388,0x000000008a500000)
 Metaspace       used 18097K, capacity 18324K, committed 18560K, reserved 1064960K
  class space    used 2333K, capacity 2403K, committed 2432K, reserved 1048576K
GC Heap History (10 events):
Event: 0,419 GC heap before
{Heap before GC invocations=2 (full 0):
 PSYoungGen      total 36864K, used 34812K [0x00000000d7100000, 0x00000000db900000, 0x0000000100000000)
  eden space 31744K, 100% used [0x00000000d7100000,0x00000000d9000000,0x00000000d9000000)
  from space 5120K, 59% used [0x00000000d9000000,0x00000000d92ff280,0x00000000d9500000)
  to   space 5120K, 0% used [0x00000000db400000,0x00000000db400000,0x00000000db900000)
 ParOldGen       total 84992K, used 8K [0x0000000085200000, 0x000000008a500000, 0x00000000d7100000)
  object space 84992K, 0% used [0x0000000085200000,0x0000000085202000,0x000000008a500000)
 Metaspace       used 7144K, capacity 7236K, committed 7552K, reserved 1056768K
  class space    used 798K, capacity 816K, committed 896K, reserved 1048576K
Event: 0,424 GC heap after
Heap after GC invocations=2 (full 0):
 PSYoungGen      total 68608K, used 1584K [0x00000000d7100000, 0x00000000db900000, 0x0000000100000000)
  eden space 63488K, 0% used [0x00000000d7100000,0x00000000d7100000,0x00000000daf00000)
  from space 5120K, 30% used [0x00000000db400000,0x00000000db58c020,0x00000000db900000)
  to   space 5120K, 0% used [0x00000000daf00000,0x00000000daf00000,0x00000000db400000)
 ParOldGen       total 84992K, used 80K [0x0000000085200000, 0x000000008a500000, 0x00000000d7100000)
  object space 84992K, 0% used [0x0000000085200000,0x0000000085214010,0x000000008a500000)
 Metaspace       used 7144K, capacity 7236K, committed 7552K, reserved 1056768K
  class space    used 798K, capacity 816K, committed 896K, reserved 1048576K
}
Event: 0,598 GC heap before
{Heap before GC invocations=3 (full 0):
 PSYoungGen      total 68608K, used 65072K [0x00000000d7100000, 0x00000000db900000, 0x0000000100000000)
  eden space 63488K, 100% used [0x00000000d7100000,0x00000000daf00000,0x00000000daf00000)
  from space 5120K, 30% used [0x00000000db400000,0x00000000db58c020,0x00000000db900000)
  to   space 5120K, 0% used [0x00000000daf00000,0x00000000daf00000,0x00000000db400000)
 ParOldGen       total 84992K, used 80K [0x0000000085200000, 0x000000008a500000, 0x00000000d7100000)
  object space 84992K, 0% used [0x0000000085200000,0x0000000085214010,0x000000008a500000)
 Metaspace       used 7970K, capacity 8036K, committed 8192K, reserved 1056768K
  class space    used 887K, capacity 912K, committed 1024K, reserved 1048576K
Event: 0,603 GC heap after
Heap after GC invocations=3 (full 0):
 PSYoungGen      total 68608K, used 2607K [0x00000000d7100000, 0x00000000df700000, 0x0000000100000000)
  eden space 63488K, 0% used [0x00000000d7100000,0x00000000d7100000,0x00000000daf00000)
  from space 5120K, 50% used [0x00000000daf00000,0x00000000db18bf78,0x00000000db400000)
  to   space 5120K, 0% used [0x00000000df200000,0x00000000df200000,0x00000000df700000)
 ParOldGen       total 84992K, used 88K [0x0000000085200000, 0x000000008a500000, 0x00000000d7100000)
  object space 84992K, 0% used [0x0000000085200000,0x0000000085216010,0x000000008a500000)
 Metaspace       used 7970K, capacity 8036K, committed 8192K, reserved 1056768K
  class space    used 887K, capacity 912K, committed 1024K, reserved 1048576K
}
Event: 1,054 GC heap before
{Heap before GC invocations=4 (full 0):
 PSYoungGen      total 68608K, used 66095K [0x00000000d7100000, 0x00000000df700000, 0x0000000100000000)
  eden space 63488K, 100% used [0x00000000d7100000,0x00000000daf00000,0x00000000daf00000)
  from space 5120K, 50% used [0x00000000daf00000,0x00000000db18bf78,0x00000000db400000)
  to   space 5120K, 0% used [0x00000000df200000,0x00000000df200000,0x00000000df700000)
 ParOldGen       total 84992K, used 91K [0x0000000085200000, 0x000000008a500000, 0x00000000d7100000)
  object space 84992K, 0% used [0x0000000085200000,0x0000000085216df8,0x000000008a500000)
 Metaspace       used 8270K, capacity 8388K, committed 8704K, reserved 1056768K
  class space    used 897K, capacity 944K, committed 1024K, reserved 1048576K
Event: 1,074 GC heap after
Heap after GC invocations=4 (full 0):
 PSYoungGen      total 132096K, used 5096K [0x00000000d7100000, 0x00000000df700000, 0x0000000100000000)
  eden space 126976K, 0% used [0x00000000d7100000,0x00000000d7100000,0x00000000ded00000)
  from space 5120K, 99% used [0x00000000df200000,0x00000000df6fa270,0x00000000df700000)
  to   space 5120K, 0% used [0x00000000ded00000,0x00000000ded00000,0x00000000df200000)
 ParOldGen       total 84992K, used 12356K [0x0000000085200000, 0x000000008a500000, 0x00000000d7100000)
  object space 84992K, 14% used [0x0000000085200000,0x0000000085e11250,0x000000008a500000)
 Metaspace       used 8270K, capacity 8388K, committed 8704K, reserved 1056768K
  class space    used 897K, capacity 944K, committed 1024K, reserved 1048576K
}
Event: 1,501 GC heap before
{Heap before GC invocations=5 (full 0):
 PSYoungGen      total 132096K, used 132072K [0x00000000d7100000, 0x00000000df700000, 0x0000000100000000)
  eden space 126976K, 100% used [0x00000000d7100000,0x00000000ded00000,0x00000000ded00000)
  from space 5120K, 99% used [0x00000000df200000,0x00000000df6fa270,0x00000000df700000)
  to   space 5120K, 0% used [0x00000000ded00000,0x00000000ded00000,0x00000000df200000)
 ParOldGen       total 84992K, used 12458K [0x0000000085200000, 0x000000008a500000, 0x00000000d7100000)
  object space 84992K, 14% used [0x0000000085200000,0x0000000085e2a940,0x000000008a500000)
 Metaspace       used 8284K, capacity 8388K, committed 8704K, reserved 1056768K
  class space    used 898K, capacity 944K, committed 1024K, reserved 1048576K
Event: 1,528 GC heap after
Heap after GC invocations=5 (full 0):
 PSYoungGen      total 132096K, used 5109K [0x00000000d7100000, 0x00000000eb000000, 0x0000000100000000)
  eden space 126976K, 0% used [0x00000000d7100000,0x00000000d7100000,0x00000000ded00000)
  from space 5120K, 99% used [0x00000000ded00000,0x00000000df1fd740,0x00000000df200000)
  to   space 36352K, 0% used [0x00000000e8c80000,0x00000000e8c80000,0x00000000eb000000)
 ParOldGen       total 84992K, used 46947K [0x0000000085200000, 0x000000008a500000, 0x00000000d7100000)
  object space 84992K, 55% used [0x0000000085200000,0x0000000087fd8d28,0x000000008a500000)
 Metaspace       used 8284K, capacity 8388K, committed 8704K, reserved 1056768K
  class space    used 898K, capacity 944K, committed 1024K, reserved 1048576K
}
Event: 26,144 GC heap before
{Heap before GC invocations=6 (full 0):
 PSYoungGen      total 132096K, used 132085K [0x00000000d7100000, 0x00000000eb000000, 0x0000000100000000)
  eden space 126976K, 100% used [0x00000000d7100000,0x00000000ded00000,0x00000000ded00000)
  from space 5120K, 99% used [0x00000000ded00000,0x00000000df1fd740,0x00000000df200000)
  to   space 36352K, 0% used [0x00000000e8c80000,0x00000000e8c80000,0x00000000eb000000)
 ParOldGen       total 84992K, used 46952K [0x0000000085200000, 0x000000008a500000, 0x00000000d7100000)
  object space 84992K, 55% used [0x0000000085200000,0x0000000087fda388,0x000000008a500000)
 Metaspace       used 14862K, capacity 15022K, committed 15360K, reserved 1062912K
  class space    used 1842K, capacity 1922K, committed 2048K, reserved 1048576K
Event: 26,181 GC heap after
Heap after GC invocations=6 (full 0):
 PSYoungGen      total 284160K, used 30352K [0x00000000d7100000, 0x00000000ebc00000, 0x0000000100000000)
  eden space 247808K, 0% used [0x00000000d7100000,0x00000000d7100000,0x00000000e6300000)
  from space 36352K, 83% used [0x00000000e8c80000,0x00000000eaa240e0,0x00000000eb000000)
  to   space 42496K, 0% used [0x00000000e6300000,0x00000000e6300000,0x00000000e8c80000)
 ParOldGen       total 84992K, used 46960K [0x0000000085200000, 0x000000008a500000, 0x00000000d7100000)
  object space 84992K, 55% used [0x0000000085200000,0x0000000087fdc388,0x000000008a500000)
 Metaspace       used 14862K, capacity 15022K, committed 15360K, reserved 1062912K
  class space    used 1842K, capacity 1922K, committed 2048K, reserved 1048576K
}

